#
# A fatal error has been detected by the Java Runtime Environment:
#
#  Internal Error (classFileParser.cpp:3494), pid=19086, tid=140307452208896
#  Error: ShouldNotReachHere()
#
# JRE version: 6.0_24-b24
# Java VM: OpenJDK 64-Bit Server VM (20.0-b12 mixed mode linux-amd64 compressed oops)
# Derivative: IcedTea6 1.11.5
# Distribution: Ubuntu 12.04 LTS, package 6b24-1.11.5-0ubuntu1~12.04.1
# If you would like to submit a bug report, please include
# instructions how to reproduce the bug and visit:
#   https://bugs.launchpad.net/ubuntu/+source/openjdk-6/
#

---------------  T H R E A D  ---------------

Current thread (0x00007f9bd8007800):  JavaThread "Unknown thread" [_thread_in_vm, id=19091, stack(0x00007f9bdfc92000,0x00007f9bdfd93000)]

Stack: [0x00007f9bdfc92000,0x00007f9bdfd93000],  sp=0x00007f9bdfd91080,  free space=1020k
Native frames: (J=compiled Java code, j=interpreted, Vv=VM code, C=native code)
V  [libjvm.so+0x7846a5]  VMError::report(outputStream*)+0x1255
V  [libjvm.so+0x784929]  VMError::report_and_die()+0x169
V  [libjvm.so+0x3bb5ea]  report_vm_error(char const*, int, char const*, char const*)+0x4a
V  [libjvm.so+0x351985]  ClassFileParser::parseClassFile(symbolHandle, Handle, Handle, KlassHandle, GrowableArray<Handle>*, symbolHandle&, bool, Thread*)+0x1545
V  [libjvm.so+0x355be3]  ClassLoader::load_classfile(symbolHandle, Thread*)+0x1f3
V  [libjvm.so+0x71c854]  SystemDictionary::load_instance_class(symbolHandle, Handle, Thread*)+0x354
V  [libjvm.so+0x71af60]  SystemDictionary::resolve_instance_class_or_null(symbolHandle, Handle, Handle, Thread*)+0x7c0
V  [libjvm.so+0x71cee3]  SystemDictionary::resolve_or_fail(symbolHandle, Handle, Handle, bool, Thread*)+0x33
V  [libjvm.so+0x71cfc4]  SystemDictionary::resolve_or_fail(symbolHandle, bool, Thread*)+0x14
V  [libjvm.so+0x71d070]  SystemDictionary::initialize_wk_klass(SystemDictionary::WKID, int, Thread*)+0xa0
V  [libjvm.so+0x71d0d9]  SystemDictionary::initialize_wk_klasses_until(SystemDictionary::WKID, SystemDictionary::WKID&, Thread*)+0x59
V  [libjvm.so+0x71d1d1]  SystemDictionary::initialize_preloaded_classes(Thread*)+0x71
V  [libjvm.so+0x760a5f]  Universe::genesis(Thread*)+0x11f
V  [libjvm.so+0x76140f]  universe2_init()+0x1f
V  [libjvm.so+0x474675]  init_globals()+0x95
V  [libjvm.so+0x74b38a]  Threads::create_vm(JavaVMInitArgs*, bool*)+0x1ea
V  [libjvm.so+0x4ce4d1]  JNI_CreateJavaVM+0x61
C  [java+0x317e]  JavaMain+0x7e


---------------  P R O C E S S  ---------------

Java Threads: ( => current thread )

Other Threads:

=>0x00007f9bd8007800 (exited) JavaThread "Unknown thread" [_thread_in_vm, id=19091, stack(0x00007f9bdfc92000,0x00007f9bdfd93000)]

VM state:not at safepoint (not fully initialized)

VM Mutex/Monitor currently owned by a thread: None

Dynamic libraries:
00400000-00409000 r-xp 00000000 08:06 1576164                            /usr/lib/jvm/java-6-openjdk-amd64/jre/bin/java
00608000-00609000 r--p 00008000 08:06 1576164                            /usr/lib/jvm/java-6-openjdk-amd64/jre/bin/java
00609000-0060a000 rw-p 00009000 08:06 1576164                            /usr/lib/jvm/java-6-openjdk-amd64/jre/bin/java
0132f000-01350000 rw-p 00000000 00:00 0                                  [heap]
9b600000-9cac0000 rw-p 00000000 00:00 0 
9cac0000-a5c00000 rw-p 00000000 00:00 0 
a5c00000-a9820000 rw-p 00000000 00:00 0 
a9820000-e1eb0000 rw-p 00000000 00:00 0 
e1eb0000-e3cc0000 rw-p 00000000 00:00 0 
e3cc0000-100000000 rw-p 00000000 00:00 0 
7f9bb8000000-7f9bb8021000 rw-p 00000000 00:00 0 
7f9bb8021000-7f9bbc000000 ---p 00000000 00:00 0 
7f9bc0000000-7f9bc0021000 rw-p 00000000 00:00 0 
7f9bc0021000-7f9bc4000000 ---p 00000000 00:00 0 
7f9bc8000000-7f9bc8021000 rw-p 00000000 00:00 0 
7f9bc8021000-7f9bcc000000 ---p 00000000 00:00 0 
7f9bd0000000-7f9bd0021000 rw-p 00000000 00:00 0 
7f9bd0021000-7f9bd4000000 ---p 00000000 00:00 0 
7f9bd5000000-7f9bd5270000 rwxp 00000000 00:00 0 
7f9bd5270000-7f9bd807f000 rw-p 00000000 00:00 0 
7f9bd807f000-7f9bdc000000 ---p 00000000 00:00 0 
7f9bdc0e7000-7f9bdc1ac000 r--s 0115c000 08:06 5025830                    /home/rodrigomint/Programas/adt-bundle-linux/sdk/platforms/android-4.2/android.jar
7f9bdc1ac000-7f9bdc1d4000 rw-p 00000000 00:00 0 
7f9bdc1d4000-7f9bdc1d5000 ---p 00000000 00:00 0 
7f9bdc1d5000-7f9bdc2d5000 rw-p 00000000 00:00 0 
7f9bdc2d5000-7f9bdc2d6000 ---p 00000000 00:00 0 
7f9bdc2d6000-7f9bdc3d6000 rw-p 00000000 00:00 0 
7f9bdc3d6000-7f9bdc3d7000 ---p 00000000 00:00 0 
7f9bdc3d7000-7f9bdc4d7000 rw-p 00000000 00:00 0 
7f9bdc4d7000-7f9bdc4d8000 ---p 00000000 00:00 0 
7f9bdc4d8000-7f9bdc5e3000 rw-p 00000000 00:00 0 
7f9bdc5e3000-7f9bdc62b000 rw-p 00000000 00:00 0 
7f9bdc62b000-7f9bdc64a000 rw-p 00000000 00:00 0 
7f9bdc64a000-7f9bdc80d000 rw-p 00000000 00:00 0 
7f9bdc80d000-7f9bdc818000 rw-p 00000000 00:00 0 
7f9bdc818000-7f9bdc860000 rw-p 00000000 00:00 0 
7f9bdc860000-7f9bdc87f000 rw-p 00000000 00:00 0 
7f9bdc87f000-7f9bdca41000 rw-p 00000000 00:00 0 
7f9bdca41000-7f9bdca51000 rw-p 00000000 00:00 0 
7f9bdca51000-7f9bdcb32000 rw-p 00000000 00:00 0 
7f9bdcb32000-7f9bdcb33000 rw-p 00000000 00:00 0 
7f9bdcb33000-7f9bdcb3a000 r-xp 00000000 08:06 1576147                    /usr/lib/jvm/java-6-openjdk-amd64/jre/lib/amd64/libzip.so
7f9bdcb3a000-7f9bdcd39000 ---p 00007000 08:06 1576147                    /usr/lib/jvm/java-6-openjdk-amd64/jre/lib/amd64/libzip.so
7f9bdcd39000-7f9bdcd3a000 r--p 00006000 08:06 1576147                    /usr/lib/jvm/java-6-openjdk-amd64/jre/lib/amd64/libzip.so
7f9bdcd3a000-7f9bdcd3b000 rw-p 00007000 08:06 1576147                    /usr/lib/jvm/java-6-openjdk-amd64/jre/lib/amd64/libzip.so
7f9bdcd3b000-7f9bdcd47000 r-xp 00000000 08:06 1973419                    /lib/x86_64-linux-gnu/libnss_files-2.15.so
7f9bdcd47000-7f9bdcf46000 ---p 0000c000 08:06 1973419                    /lib/x86_64-linux-gnu/libnss_files-2.15.so
7f9bdcf46000-7f9bdcf47000 r--p 0000b000 08:06 1973419                    /lib/x86_64-linux-gnu/libnss_files-2.15.so
7f9bdcf47000-7f9bdcf48000 rw-p 0000c000 08:06 1973419                    /lib/x86_64-linux-gnu/libnss_files-2.15.so
7f9bdcf48000-7f9bdcf52000 r-xp 00000000 08:06 1973415                    /lib/x86_64-linux-gnu/libnss_nis-2.15.so
7f9bdcf52000-7f9bdd152000 ---p 0000a000 08:06 1973415                    /lib/x86_64-linux-gnu/libnss_nis-2.15.so
7f9bdd152000-7f9bdd153000 r--p 0000a000 08:06 1973415                    /lib/x86_64-linux-gnu/libnss_nis-2.15.so
7f9bdd153000-7f9bdd154000 rw-p 0000b000 08:06 1973415                    /lib/x86_64-linux-gnu/libnss_nis-2.15.so
7f9bdd154000-7f9bdd16b000 r-xp 00000000 08:06 1973428                    /lib/x86_64-linux-gnu/libnsl-2.15.so
7f9bdd16b000-7f9bdd36a000 ---p 00017000 08:06 1973428                    /lib/x86_64-linux-gnu/libnsl-2.15.so
7f9bdd36a000-7f9bdd36b000 r--p 00016000 08:06 1973428                    /lib/x86_64-linux-gnu/libnsl-2.15.so
7f9bdd36b000-7f9bdd36c000 rw-p 00017000 08:06 1973428                    /lib/x86_64-linux-gnu/libnsl-2.15.so
7f9bdd36c000-7f9bdd36e000 rw-p 00000000 00:00 0 
7f9bdd36e000-7f9bdd376000 r-xp 00000000 08:06 1973420                    /lib/x86_64-linux-gnu/libnss_compat-2.15.so
7f9bdd376000-7f9bdd575000 ---p 00008000 08:06 1973420                    /lib/x86_64-linux-gnu/libnss_compat-2.15.so
7f9bdd575000-7f9bdd576000 r--p 00007000 08:06 1973420                    /lib/x86_64-linux-gnu/libnss_compat-2.15.so
7f9bdd576000-7f9bdd577000 rw-p 00008000 08:06 1973420                    /lib/x86_64-linux-gnu/libnss_compat-2.15.so
7f9bdd577000-7f9bdd5a3000 r-xp 00000000 08:06 1575893                    /usr/lib/jvm/java-6-openjdk-amd64/jre/lib/amd64/libjava.so
7f9bdd5a3000-7f9bdd7a2000 ---p 0002c000 08:06 1575893                    /usr/lib/jvm/java-6-openjdk-amd64/jre/lib/amd64/libjava.so
7f9bdd7a2000-7f9bdd7a3000 r--p 0002b000 08:06 1575893                    /usr/lib/jvm/java-6-openjdk-amd64/jre/lib/amd64/libjava.so
7f9bdd7a3000-7f9bdd7a6000 rw-p 0002c000 08:06 1575893                    /usr/lib/jvm/java-6-openjdk-amd64/jre/lib/amd64/libjava.so
7f9bdd7a6000-7f9bdd7b4000 r-xp 00000000 08:06 1576139                    /usr/lib/jvm/java-6-openjdk-amd64/jre/lib/amd64/libverify.so
7f9bdd7b4000-7f9bdd9b3000 ---p 0000e000 08:06 1576139                    /usr/lib/jvm/java-6-openjdk-amd64/jre/lib/amd64/libverify.so
7f9bdd9b3000-7f9bdd9b5000 r--p 0000d000 08:06 1576139                    /usr/lib/jvm/java-6-openjdk-amd64/jre/lib/amd64/libverify.so
7f9bdd9b5000-7f9bdd9b6000 rw-p 0000f000 08:06 1576139                    /usr/lib/jvm/java-6-openjdk-amd64/jre/lib/amd64/libverify.so
7f9bdd9b6000-7f9bdd9bd000 r-xp 00000000 08:06 1973413                    /lib/x86_64-linux-gnu/librt-2.15.so
7f9bdd9bd000-7f9bddbbc000 ---p 00007000 08:06 1973413                    /lib/x86_64-linux-gnu/librt-2.15.so
7f9bddbbc000-7f9bddbbd000 r--p 00006000 08:06 1973413                    /lib/x86_64-linux-gnu/librt-2.15.so
7f9bddbbd000-7f9bddbbe000 rw-p 00007000 08:06 1973413                    /lib/x86_64-linux-gnu/librt-2.15.so
7f9bddbbe000-7f9bddbd3000 r-xp 00000000 08:06 1969799                    /lib/x86_64-linux-gnu/libgcc_s.so.1
7f9bddbd3000-7f9bdddd2000 ---p 00015000 08:06 1969799                    /lib/x86_64-linux-gnu/libgcc_s.so.1
7f9bdddd2000-7f9bdddd3000 r--p 00014000 08:06 1969799                    /lib/x86_64-linux-gnu/libgcc_s.so.1
7f9bdddd3000-7f9bdddd4000 rw-p 00015000 08:06 1969799                    /lib/x86_64-linux-gnu/libgcc_s.so.1
7f9bdddd4000-7f9bddecf000 r-xp 00000000 08:06 1973417                    /lib/x86_64-linux-gnu/libm-2.15.so
7f9bddecf000-7f9bde0ce000 ---p 000fb000 08:06 1973417                    /lib/x86_64-linux-gnu/libm-2.15.so
7f9bde0ce000-7f9bde0cf000 r--p 000fa000 08:06 1973417                    /lib/x86_64-linux-gnu/libm-2.15.so
7f9bde0cf000-7f9bde0d0000 rw-p 000fb000 08:06 1973417                    /lib/x86_64-linux-gnu/libm-2.15.so
7f9bde0d0000-7f9bde1b2000 r-xp 00000000 08:06 1449802                    /usr/lib/x86_64-linux-gnu/libstdc++.so.6.0.16
7f9bde1b2000-7f9bde3b1000 ---p 000e2000 08:06 1449802                    /usr/lib/x86_64-linux-gnu/libstdc++.so.6.0.16
7f9bde3b1000-7f9bde3b9000 r--p 000e1000 08:06 1449802                    /usr/lib/x86_64-linux-gnu/libstdc++.so.6.0.16
7f9bde3b9000-7f9bde3bb000 rw-p 000e9000 08:06 1449802                    /usr/lib/x86_64-linux-gnu/libstdc++.so.6.0.16
7f9bde3bb000-7f9bde3d0000 rw-p 00000000 00:00 0 
7f9bde3d0000-7f9bdecd5000 r-xp 00000000 08:06 1574363                    /usr/lib/jvm/java-6-openjdk-amd64/jre/lib/amd64/server/libjvm.so
7f9bdecd5000-7f9bdeed5000 ---p 00905000 08:06 1574363                    /usr/lib/jvm/java-6-openjdk-amd64/jre/lib/amd64/server/libjvm.so
7f9bdeed5000-7f9bdef55000 r--p 00905000 08:06 1574363                    /usr/lib/jvm/java-6-openjdk-amd64/jre/lib/amd64/server/libjvm.so
7f9bdef55000-7f9bdef70000 rw-p 00985000 08:06 1574363                    /usr/lib/jvm/java-6-openjdk-amd64/jre/lib/amd64/server/libjvm.so
7f9bdef70000-7f9bdef99000 rw-p 00000000 00:00 0 
7f9bdef99000-7f9bdefaf000 r-xp 00000000 08:06 1969889                    /lib/x86_64-linux-gnu/libz.so.1.2.3.4
7f9bdefaf000-7f9bdf1ae000 ---p 00016000 08:06 1969889                    /lib/x86_64-linux-gnu/libz.so.1.2.3.4
7f9bdf1ae000-7f9bdf1af000 r--p 00015000 08:06 1969889                    /lib/x86_64-linux-gnu/libz.so.1.2.3.4
7f9bdf1af000-7f9bdf1b0000 rw-p 00016000 08:06 1969889                    /lib/x86_64-linux-gnu/libz.so.1.2.3.4
7f9bdf1b0000-7f9bdf365000 r-xp 00000000 08:06 1970896                    /lib/x86_64-linux-gnu/libc-2.15.so
7f9bdf365000-7f9bdf564000 ---p 001b5000 08:06 1970896                    /lib/x86_64-linux-gnu/libc-2.15.so
7f9bdf564000-7f9bdf568000 r--p 001b4000 08:06 1970896                    /lib/x86_64-linux-gnu/libc-2.15.so
7f9bdf568000-7f9bdf56a000 rw-p 001b8000 08:06 1970896                    /lib/x86_64-linux-gnu/libc-2.15.so
7f9bdf56a000-7f9bdf56f000 rw-p 00000000 00:00 0 
7f9bdf56f000-7f9bdf571000 r-xp 00000000 08:06 1970328                    /lib/x86_64-linux-gnu/libdl-2.15.so
7f9bdf571000-7f9bdf771000 ---p 00002000 08:06 1970328                    /lib/x86_64-linux-gnu/libdl-2.15.so
7f9bdf771000-7f9bdf772000 r--p 00002000 08:06 1970328                    /lib/x86_64-linux-gnu/libdl-2.15.so
7f9bdf772000-7f9bdf773000 rw-p 00003000 08:06 1970328                    /lib/x86_64-linux-gnu/libdl-2.15.so
7f9bdf773000-7f9bdf777000 r-xp 00000000 08:06 1576130                    /usr/lib/jvm/java-6-openjdk-amd64/jre/lib/amd64/jli/libjli.so
7f9bdf777000-7f9bdf976000 ---p 00004000 08:06 1576130                    /usr/lib/jvm/java-6-openjdk-amd64/jre/lib/amd64/jli/libjli.so
7f9bdf976000-7f9bdf977000 r--p 00003000 08:06 1576130                    /usr/lib/jvm/java-6-openjdk-amd64/jre/lib/amd64/jli/libjli.so
7f9bdf977000-7f9bdf978000 rw-p 00004000 08:06 1576130                    /usr/lib/jvm/java-6-openjdk-amd64/jre/lib/amd64/jli/libjli.so
7f9bdf978000-7f9bdf990000 r-xp 00000000 08:06 1972120                    /lib/x86_64-linux-gnu/libpthread-2.15.so
7f9bdf990000-7f9bdfb8f000 ---p 00018000 08:06 1972120                    /lib/x86_64-linux-gnu/libpthread-2.15.so
7f9bdfb8f000-7f9bdfb90000 r--p 00017000 08:06 1972120                    /lib/x86_64-linux-gnu/libpthread-2.15.so
7f9bdfb90000-7f9bdfb91000 rw-p 00018000 08:06 1972120                    /lib/x86_64-linux-gnu/libpthread-2.15.so
7f9bdfb91000-7f9bdfb95000 rw-p 00000000 00:00 0 
7f9bdfb95000-7f9bdfbb7000 r-xp 00000000 08:06 1973423                    /lib/x86_64-linux-gnu/ld-2.15.so
7f9bdfbd2000-7f9bdfbdc000 rw-p 00000000 00:00 0 
7f9bdfbdc000-7f9bdfc92000 rw-p 00000000 00:00 0 
7f9bdfc92000-7f9bdfc95000 ---p 00000000 00:00 0 
7f9bdfc95000-7f9bdfd98000 rw-p 00000000 00:00 0 
7f9bdfdab000-7f9bdfdb3000 rw-s 00000000 08:06 5118474                    /tmp/hsperfdata_rodrigomint/19086
7f9bdfdb3000-7f9bdfdb4000 rw-p 00000000 00:00 0 
7f9bdfdb4000-7f9bdfdb5000 r--p 00000000 00:00 0 
7f9bdfdb5000-7f9bdfdb7000 rw-p 00000000 00:00 0 
7f9bdfdb7000-7f9bdfdb8000 r--p 00022000 08:06 1973423                    /lib/x86_64-linux-gnu/ld-2.15.so
7f9bdfdb8000-7f9bdfdba000 rw-p 00023000 08:06 1973423                    /lib/x86_64-linux-gnu/ld-2.15.so
7fff37fec000-7fff3800d000 rw-p 00000000 00:00 0                          [stack]
7fff38180000-7fff38181000 r-xp 00000000 00:00 0                          [vdso]
ffffffffff600000-ffffffffff601000 r-xp 00000000 00:00 0                  [vsyscall]

VM Arguments:
jvm_args: -Dfile.encoding=UTF-8 -Xbootclasspath:/home/rodrigomint/Programas/adt-bundle-linux/sdk/platforms/android-4.2/android.jar 
java_command: es.ufc.qualeamusica.bancoDeDados.Povoa
Launcher Type: SUN_STANDARD

Environment Variables:
PATH=/usr/local/sbin:/usr/local/bin:/usr/sbin:/usr/bin:/sbin:/bin:/usr/games
USERNAME=rodrigomint
LD_LIBRARY_PATH=/usr/lib/jvm/java-6-openjdk-amd64/jre/lib/amd64/server:/usr/lib/jvm/java-6-openjdk-amd64/jre/lib/amd64:/usr/lib/jvm/java-6-openjdk-amd64/jre/../lib/amd64
SHELL=/bin/bash
DISPLAY=:0

Signal Handlers:
SIGSEGV: [libjvm.so+0x7852e0], sa_mask[0]=0x7ffbfeff, sa_flags=0x10000004
SIGBUS: [libjvm.so+0x7852e0], sa_mask[0]=0x7ffbfeff, sa_flags=0x10000004
SIGFPE: [libjvm.so+0x648d40], sa_mask[0]=0x7ffbfeff, sa_flags=0x10000004
SIGPIPE: [libjvm.so+0x648d40], sa_mask[0]=0x7ffbfeff, sa_flags=0x10000004
SIGXFSZ: [libjvm.so+0x648d40], sa_mask[0]=0x7ffbfeff, sa_flags=0x10000004
SIGILL: [libjvm.so+0x648d40], sa_mask[0]=0x7ffbfeff, sa_flags=0x10000004
SIGUSR1: SIG_DFL, sa_mask[0]=0x00000000, sa_flags=0x00000000
SIGUSR2: [libjvm.so+0x648ef0], sa_mask[0]=0x00000004, sa_flags=0x10000004
SIGHUP: SIG_DFL, sa_mask[0]=0x00000000, sa_flags=0x00000000
SIGINT: SIG_DFL, sa_mask[0]=0x00000000, sa_flags=0x00000000
SIGTERM: SIG_DFL, sa_mask[0]=0x00000000, sa_flags=0x00000000
SIGQUIT: SIG_DFL, sa_mask[0]=0x00000000, sa_flags=0x00000000


---------------  S Y S T E M  ---------------

OS:LinuxMint 13 (maya)
uname:Linux 3.2.0-23-generic #36-Ubuntu SMP Tue Apr 10 20:39:51 UTC 2012 x86_64
libc:glibc 2.15 NPTL 2.15 
rlimit: STACK 8192k, CORE 0k, NPROC 46021, NOFILE 4096, AS infinity
load average:1.29 1.19 1.10

/proc/meminfo:
MemTotal:        5908324 kB
MemFree:         1180388 kB
Buffers:          595988 kB
Cached:          2433900 kB
SwapCached:            0 kB
Active:          1899088 kB
Inactive:        2535244 kB
Active(anon):    1417616 kB
Inactive(anon):   197788 kB
Active(file):     481472 kB
Inactive(file):  2337456 kB
Unevictable:          48 kB
Mlocked:              48 kB
SwapTotal:       5860348 kB
SwapFree:        5860348 kB
Dirty:              4264 kB
Writeback:             0 kB
AnonPages:       1405016 kB
Mapped:           209008 kB
Shmem:            211108 kB
Slab:             151884 kB
SReclaimable:     115264 kB
SUnreclaim:        36620 kB
KernelStack:        4384 kB
PageTables:        35580 kB
NFS_Unstable:          0 kB
Bounce:                0 kB
WritebackTmp:          0 kB
CommitLimit:     8814508 kB
Committed_AS:    4675644 kB
VmallocTotal:   34359738367 kB
VmallocUsed:      563532 kB
VmallocChunk:   34359168048 kB
HardwareCorrupted:     0 kB
AnonHugePages:         0 kB
HugePages_Total:       0
HugePages_Free:        0
HugePages_Rsvd:        0
HugePages_Surp:        0
Hugepagesize:       2048 kB
DirectMap4k:       79872 kB
DirectMap2M:     6072320 kB


CPU:total 4 (2 cores per cpu, 2 threads per core) family 6 model 37 stepping 2, cmov, cx8, fxsr, mmx, sse, sse2, sse3, ssse3, sse4.1, sse4.2, popcnt, ht

Memory: 4k page, physical 5908324k(1180388k free), swap 5860348k(5860348k free)

vm_info: OpenJDK 64-Bit Server VM (20.0-b12) for linux-amd64 JRE (1.6.0_24-b24), built on Oct 24 2012 16:17:28 by "buildd" with gcc 4.6.3

time: Tue Jan 22 00:21:01 2013
elapsed time: 0 seconds

